<?xml version="1.0" encoding="UTF-8"?>
<testng-results ignored="0" total="7" passed="5" failed="2" skipped="0">
  <reporter-output>
  </reporter-output>
  <suite started-at="2023-03-07T16:39:42 IST" name="Suite" finished-at="2023-03-07T16:41:01 IST" duration-ms="79318">
    <groups>
    </groups>
    <test started-at="2023-03-07T16:39:42 IST" name="Test" finished-at="2023-03-07T16:41:01 IST" duration-ms="79318">
      <class name="com.saucedemo.TESTPACK.TC003addtokart">
        <test-method is-config="true" signature="setUp(java.lang.String)[pri:0, instance:com.saucedemo.TESTPACK.TC003addtokart@41e36e46]" started-at="2023-03-07T16:39:48 IST" name="setUp" finished-at="2023-03-07T16:39:50 IST" duration-ms="2100" status="PASS">
          <params>
            <param index="0">
              <value>
                <![CDATA[chrome]]>
              </value>
            </param>
          </params>
          <reporter-output>
          </reporter-output>
        </test-method> <!-- setUp -->
        <test-method signature="addtokart()[pri:0, instance:com.saucedemo.TESTPACK.TC003addtokart@41e36e46]" started-at="2023-03-07T16:39:50 IST" name="addtokart" finished-at="2023-03-07T16:39:50 IST" duration-ms="63" status="PASS">
          <reporter-output>
          </reporter-output>
        </test-method> <!-- addtokart -->
        <test-method is-config="true" signature="tearDown()[pri:0, instance:com.saucedemo.TESTPACK.TC003addtokart@41e36e46]" started-at="2023-03-07T16:39:50 IST" name="tearDown" finished-at="2023-03-07T16:39:50 IST" duration-ms="450" status="PASS">
          <reporter-output>
          </reporter-output>
        </test-method> <!-- tearDown -->
      </class> <!-- com.saucedemo.TESTPACK.TC003addtokart -->
      <class name="com.saucedemo.TESTPACK.TC004selectallproduct">
        <test-method is-config="true" signature="setUp(java.lang.String)[pri:0, instance:com.saucedemo.TESTPACK.TC004selectallproduct@3e2e18f2]" started-at="2023-03-07T16:39:42 IST" name="setUp" finished-at="2023-03-07T16:39:44 IST" duration-ms="2465" status="PASS">
          <params>
            <param index="0">
              <value>
                <![CDATA[chrome]]>
              </value>
            </param>
          </params>
          <reporter-output>
          </reporter-output>
        </test-method> <!-- setUp -->
        <test-method signature="verifyproduct()[pri:0, instance:com.saucedemo.TESTPACK.TC004selectallproduct@3e2e18f2]" started-at="2023-03-07T16:39:44 IST" name="verifyproduct" finished-at="2023-03-07T16:39:44 IST" duration-ms="231" status="PASS">
          <reporter-output>
          </reporter-output>
        </test-method> <!-- verifyproduct -->
        <test-method is-config="true" signature="tearDown()[pri:0, instance:com.saucedemo.TESTPACK.TC004selectallproduct@3e2e18f2]" started-at="2023-03-07T16:39:44 IST" name="tearDown" finished-at="2023-03-07T16:39:45 IST" duration-ms="505" status="PASS">
          <reporter-output>
          </reporter-output>
        </test-method> <!-- tearDown -->
      </class> <!-- com.saucedemo.TESTPACK.TC004selectallproduct -->
      <class name="com.saucedemo.TESTPACK.TC005Checkoutfunctionality">
        <test-method is-config="true" signature="setUp(java.lang.String)[pri:0, instance:com.saucedemo.TESTPACK.TC005Checkoutfunctionality@76508ed1]" started-at="2023-03-07T16:39:45 IST" name="setUp" finished-at="2023-03-07T16:39:47 IST" duration-ms="2035" status="PASS">
          <params>
            <param index="0">
              <value>
                <![CDATA[chrome]]>
              </value>
            </param>
          </params>
          <reporter-output>
          </reporter-output>
        </test-method> <!-- setUp -->
        <test-method signature="checkoutFunctionality()[pri:0, instance:com.saucedemo.TESTPACK.TC005Checkoutfunctionality@76508ed1]" started-at="2023-03-07T16:39:47 IST" name="checkoutFunctionality" finished-at="2023-03-07T16:39:47 IST" duration-ms="132" status="PASS">
          <reporter-output>
          </reporter-output>
        </test-method> <!-- checkoutFunctionality -->
        <test-method is-config="true" signature="tearDown()[pri:0, instance:com.saucedemo.TESTPACK.TC005Checkoutfunctionality@76508ed1]" started-at="2023-03-07T16:39:47 IST" name="tearDown" finished-at="2023-03-07T16:39:48 IST" duration-ms="499" status="PASS">
          <reporter-output>
          </reporter-output>
        </test-method> <!-- tearDown -->
      </class> <!-- com.saucedemo.TESTPACK.TC005Checkoutfunctionality -->
      <class name="com.saucedemo.TESTPACK.TC006InformationCheckoutpage">
        <test-method is-config="true" signature="setUp(java.lang.String)[pri:0, instance:com.saucedemo.TESTPACK.TC006InformationCheckoutpage@15c43bd9]" started-at="2023-03-07T16:39:50 IST" name="setUp" finished-at="2023-03-07T16:39:52 IST" duration-ms="2157" status="PASS">
          <params>
            <param index="0">
              <value>
                <![CDATA[chrome]]>
              </value>
            </param>
          </params>
          <reporter-output>
          </reporter-output>
        </test-method> <!-- setUp -->
        <test-method signature="InformationCheckoutpage()[pri:0, instance:com.saucedemo.TESTPACK.TC006InformationCheckoutpage@15c43bd9]" started-at="2023-03-07T16:39:52 IST" name="InformationCheckoutpage" finished-at="2023-03-07T16:40:22 IST" duration-ms="30083" status="FAIL">
          <exception class="org.openqa.selenium.NoSuchElementException">
            <message>
              <![CDATA[no such element: Unable to locate element: {"method":"xpath","selector":"//input[@id='first-name']"}
  (Session info: chrome=110.0.5481.178)
For documentation on this error, please visit: https://www.seleniumhq.org/exceptions/no_such_element.html
Build info: version: '3.141.59', revision: 'e82be7d358', time: '2018-11-14T08:17:03'
System info: host: 'LAPTOP-V8MM7FLF', ip: '192.168.86.8', os.name: 'Windows 11', os.arch: 'amd64', os.version: '10.0', java.version: '19.0.1'
Driver info: org.openqa.selenium.chrome.ChromeDriver
Capabilities {acceptInsecureCerts: false, browserName: chrome, browserVersion: 110.0.5481.178, chrome: {chromedriverVersion: 110.0.5481.77 (65ed616c6e8e..., userDataDir: C:\Users\SIDDHE~1\AppData\L...}, goog:chromeOptions: {debuggerAddress: localhost:52715}, javascriptEnabled: true, networkConnectionEnabled: false, pageLoadStrategy: normal, platform: WINDOWS, platformName: WINDOWS, proxy: Proxy(), setWindowRect: true, strictFileInteractability: false, timeouts: {implicit: 0, pageLoad: 300000, script: 30000}, unhandledPromptBehavior: dismiss and notify, webauthn:extension:credBlob: true, webauthn:extension:largeBlob: true, webauthn:virtualAuthenticators: true}
Session ID: 9f727f870c0d10a053a7cc800944dd58
*** Element info: {Using=xpath, value=//input[@id='first-name']}]]>
            </message>
            <full-stacktrace>
              <![CDATA[org.openqa.selenium.NoSuchElementException: no such element: Unable to locate element: {"method":"xpath","selector":"//input[@id='first-name']"}
  (Session info: chrome=110.0.5481.178)
For documentation on this error, please visit: https://www.seleniumhq.org/exceptions/no_such_element.html
Build info: version: '3.141.59', revision: 'e82be7d358', time: '2018-11-14T08:17:03'
System info: host: 'LAPTOP-V8MM7FLF', ip: '192.168.86.8', os.name: 'Windows 11', os.arch: 'amd64', os.version: '10.0', java.version: '19.0.1'
Driver info: org.openqa.selenium.chrome.ChromeDriver
Capabilities {acceptInsecureCerts: false, browserName: chrome, browserVersion: 110.0.5481.178, chrome: {chromedriverVersion: 110.0.5481.77 (65ed616c6e8e..., userDataDir: C:\Users\SIDDHE~1\AppData\L...}, goog:chromeOptions: {debuggerAddress: localhost:52715}, javascriptEnabled: true, networkConnectionEnabled: false, pageLoadStrategy: normal, platform: WINDOWS, platformName: WINDOWS, proxy: Proxy(), setWindowRect: true, strictFileInteractability: false, timeouts: {implicit: 0, pageLoad: 300000, script: 30000}, unhandledPromptBehavior: dismiss and notify, webauthn:extension:credBlob: true, webauthn:extension:largeBlob: true, webauthn:virtualAuthenticators: true}
Session ID: 9f727f870c0d10a053a7cc800944dd58
*** Element info: {Using=xpath, value=//input[@id='first-name']}
at java.base/jdk.internal.reflect.DirectConstructorHandleAccessor.newInstance(DirectConstructorHandleAccessor.java:67)
at java.base/java.lang.reflect.Constructor.newInstanceWithCaller(Constructor.java:500)
at java.base/java.lang.reflect.Constructor.newInstance(Constructor.java:484)
at org.openqa.selenium.remote.http.W3CHttpResponseCodec.createException(W3CHttpResponseCodec.java:187)
at org.openqa.selenium.remote.http.W3CHttpResponseCodec.decode(W3CHttpResponseCodec.java:122)
at org.openqa.selenium.remote.http.W3CHttpResponseCodec.decode(W3CHttpResponseCodec.java:49)
at org.openqa.selenium.remote.HttpCommandExecutor.execute(HttpCommandExecutor.java:158)
at org.openqa.selenium.remote.service.DriverCommandExecutor.execute(DriverCommandExecutor.java:83)
at org.openqa.selenium.remote.RemoteWebDriver.execute(RemoteWebDriver.java:552)
at org.openqa.selenium.remote.RemoteWebDriver.findElement(RemoteWebDriver.java:323)
at org.openqa.selenium.remote.RemoteWebDriver.findElementByXPath(RemoteWebDriver.java:428)
at org.openqa.selenium.By$ByXPath.findElement(By.java:353)
at org.openqa.selenium.remote.RemoteWebDriver.findElement(RemoteWebDriver.java:315)
at org.openqa.selenium.support.pagefactory.DefaultElementLocator.findElement(DefaultElementLocator.java:69)
at org.openqa.selenium.support.pagefactory.internal.LocatingElementHandler.invoke(LocatingElementHandler.java:38)
at jdk.proxy2/jdk.proxy2.$Proxy13.sendKeys(Unknown Source)
at com.saucedemo.POMPACK.HomePOM.sendfirstname(HomePOM.java:49)
at com.saucedemo.TESTPACK.TC006InformationCheckoutpage.InformationCheckoutpage(TC006InformationCheckoutpage.java:16)
at java.base/jdk.internal.reflect.DirectMethodHandleAccessor.invoke(DirectMethodHandleAccessor.java:104)
at java.base/java.lang.reflect.Method.invoke(Method.java:578)
at org.testng.internal.MethodInvocationHelper.invokeMethod(MethodInvocationHelper.java:133)
at org.testng.internal.TestInvoker.invokeMethod(TestInvoker.java:598)
at org.testng.internal.TestInvoker.invokeTestMethod(TestInvoker.java:173)
at org.testng.internal.MethodRunner.runInSequence(MethodRunner.java:46)
at org.testng.internal.TestInvoker$MethodInvocationAgent.invoke(TestInvoker.java:824)
at org.testng.internal.TestInvoker.invokeTestMethods(TestInvoker.java:146)
at org.testng.internal.TestMethodWorker.invokeTestMethods(TestMethodWorker.java:146)
at org.testng.internal.TestMethodWorker.run(TestMethodWorker.java:128)
at java.base/java.util.ArrayList.forEach(ArrayList.java:1511)
at org.testng.TestRunner.privateRun(TestRunner.java:794)
at org.testng.TestRunner.run(TestRunner.java:596)
at org.testng.SuiteRunner.runTest(SuiteRunner.java:377)
at org.testng.SuiteRunner.runSequentially(SuiteRunner.java:371)
at org.testng.SuiteRunner.privateRun(SuiteRunner.java:332)
at org.testng.SuiteRunner.run(SuiteRunner.java:276)
at org.testng.SuiteRunnerWorker.runSuite(SuiteRunnerWorker.java:53)
at org.testng.SuiteRunnerWorker.run(SuiteRunnerWorker.java:96)
at org.testng.TestNG.runSuitesSequentially(TestNG.java:1212)
at org.testng.TestNG.runSuitesLocally(TestNG.java:1134)
at org.testng.TestNG.runSuites(TestNG.java:1063)
at org.testng.TestNG.run(TestNG.java:1031)
at org.testng.remote.AbstractRemoteTestNG.run(AbstractRemoteTestNG.java:115)
at org.testng.remote.RemoteTestNG.initAndRun(RemoteTestNG.java:251)
at org.testng.remote.RemoteTestNG.main(RemoteTestNG.java:77)
]]>
            </full-stacktrace>
          </exception> <!-- org.openqa.selenium.NoSuchElementException -->
          <reporter-output>
          </reporter-output>
        </test-method> <!-- InformationCheckoutpage -->
        <test-method is-config="true" signature="tearDown()[pri:0, instance:com.saucedemo.TESTPACK.TC006InformationCheckoutpage@15c43bd9]" started-at="2023-03-07T16:40:22 IST" name="tearDown" finished-at="2023-03-07T16:40:23 IST" duration-ms="586" status="PASS">
          <reporter-output>
          </reporter-output>
        </test-method> <!-- tearDown -->
      </class> <!-- com.saucedemo.TESTPACK.TC006InformationCheckoutpage -->
      <class name="com.saucedemo.TESTPACK.TC007finishfunctionality">
        <test-method is-config="true" signature="setUp(java.lang.String)[pri:0, instance:com.saucedemo.TESTPACK.TC007finishfunctionality@4f209819]" started-at="2023-03-07T16:40:26 IST" name="setUp" finished-at="2023-03-07T16:40:28 IST" duration-ms="1901" status="PASS">
          <params>
            <param index="0">
              <value>
                <![CDATA[chrome]]>
              </value>
            </param>
          </params>
          <reporter-output>
          </reporter-output>
        </test-method> <!-- setUp -->
        <test-method signature="finishfunctionality()[pri:0, instance:com.saucedemo.TESTPACK.TC007finishfunctionality@4f209819]" started-at="2023-03-07T16:40:28 IST" name="finishfunctionality" finished-at="2023-03-07T16:40:58 IST" duration-ms="30019" status="FAIL">
          <exception class="org.openqa.selenium.NoSuchElementException">
            <message>
              <![CDATA[no such element: Unable to locate element: {"method":"xpath","selector":"//button[text()='Finish']"}
  (Session info: chrome=110.0.5481.178)
For documentation on this error, please visit: https://www.seleniumhq.org/exceptions/no_such_element.html
Build info: version: '3.141.59', revision: 'e82be7d358', time: '2018-11-14T08:17:03'
System info: host: 'LAPTOP-V8MM7FLF', ip: '192.168.86.8', os.name: 'Windows 11', os.arch: 'amd64', os.version: '10.0', java.version: '19.0.1'
Driver info: org.openqa.selenium.chrome.ChromeDriver
Capabilities {acceptInsecureCerts: false, browserName: chrome, browserVersion: 110.0.5481.178, chrome: {chromedriverVersion: 110.0.5481.77 (65ed616c6e8e..., userDataDir: C:\Users\SIDDHE~1\AppData\L...}, goog:chromeOptions: {debuggerAddress: localhost:52763}, javascriptEnabled: true, networkConnectionEnabled: false, pageLoadStrategy: normal, platform: WINDOWS, platformName: WINDOWS, proxy: Proxy(), setWindowRect: true, strictFileInteractability: false, timeouts: {implicit: 0, pageLoad: 300000, script: 30000}, unhandledPromptBehavior: dismiss and notify, webauthn:extension:credBlob: true, webauthn:extension:largeBlob: true, webauthn:virtualAuthenticators: true}
Session ID: 7d5047abaee66ae0b935e2b3e9db5780
*** Element info: {Using=xpath, value=//button[text()='Finish']}]]>
            </message>
            <full-stacktrace>
              <![CDATA[org.openqa.selenium.NoSuchElementException: no such element: Unable to locate element: {"method":"xpath","selector":"//button[text()='Finish']"}
  (Session info: chrome=110.0.5481.178)
For documentation on this error, please visit: https://www.seleniumhq.org/exceptions/no_such_element.html
Build info: version: '3.141.59', revision: 'e82be7d358', time: '2018-11-14T08:17:03'
System info: host: 'LAPTOP-V8MM7FLF', ip: '192.168.86.8', os.name: 'Windows 11', os.arch: 'amd64', os.version: '10.0', java.version: '19.0.1'
Driver info: org.openqa.selenium.chrome.ChromeDriver
Capabilities {acceptInsecureCerts: false, browserName: chrome, browserVersion: 110.0.5481.178, chrome: {chromedriverVersion: 110.0.5481.77 (65ed616c6e8e..., userDataDir: C:\Users\SIDDHE~1\AppData\L...}, goog:chromeOptions: {debuggerAddress: localhost:52763}, javascriptEnabled: true, networkConnectionEnabled: false, pageLoadStrategy: normal, platform: WINDOWS, platformName: WINDOWS, proxy: Proxy(), setWindowRect: true, strictFileInteractability: false, timeouts: {implicit: 0, pageLoad: 300000, script: 30000}, unhandledPromptBehavior: dismiss and notify, webauthn:extension:credBlob: true, webauthn:extension:largeBlob: true, webauthn:virtualAuthenticators: true}
Session ID: 7d5047abaee66ae0b935e2b3e9db5780
*** Element info: {Using=xpath, value=//button[text()='Finish']}
at java.base/jdk.internal.reflect.DirectConstructorHandleAccessor.newInstance(DirectConstructorHandleAccessor.java:67)
at java.base/java.lang.reflect.Constructor.newInstanceWithCaller(Constructor.java:500)
at java.base/java.lang.reflect.Constructor.newInstance(Constructor.java:484)
at org.openqa.selenium.remote.http.W3CHttpResponseCodec.createException(W3CHttpResponseCodec.java:187)
at org.openqa.selenium.remote.http.W3CHttpResponseCodec.decode(W3CHttpResponseCodec.java:122)
at org.openqa.selenium.remote.http.W3CHttpResponseCodec.decode(W3CHttpResponseCodec.java:49)
at org.openqa.selenium.remote.HttpCommandExecutor.execute(HttpCommandExecutor.java:158)
at org.openqa.selenium.remote.service.DriverCommandExecutor.execute(DriverCommandExecutor.java:83)
at org.openqa.selenium.remote.RemoteWebDriver.execute(RemoteWebDriver.java:552)
at org.openqa.selenium.remote.RemoteWebDriver.findElement(RemoteWebDriver.java:323)
at org.openqa.selenium.remote.RemoteWebDriver.findElementByXPath(RemoteWebDriver.java:428)
at org.openqa.selenium.By$ByXPath.findElement(By.java:353)
at org.openqa.selenium.remote.RemoteWebDriver.findElement(RemoteWebDriver.java:315)
at org.openqa.selenium.support.pagefactory.DefaultElementLocator.findElement(DefaultElementLocator.java:69)
at org.openqa.selenium.support.pagefactory.internal.LocatingElementHandler.invoke(LocatingElementHandler.java:38)
at jdk.proxy2/jdk.proxy2.$Proxy13.click(Unknown Source)
at com.saucedemo.POMPACK.HomePOM.clickfinish(HomePOM.java:69)
at com.saucedemo.TESTPACK.TC007finishfunctionality.finishfunctionality(TC007finishfunctionality.java:17)
at java.base/jdk.internal.reflect.DirectMethodHandleAccessor.invoke(DirectMethodHandleAccessor.java:104)
at java.base/java.lang.reflect.Method.invoke(Method.java:578)
at org.testng.internal.MethodInvocationHelper.invokeMethod(MethodInvocationHelper.java:133)
at org.testng.internal.TestInvoker.invokeMethod(TestInvoker.java:598)
at org.testng.internal.TestInvoker.invokeTestMethod(TestInvoker.java:173)
at org.testng.internal.MethodRunner.runInSequence(MethodRunner.java:46)
at org.testng.internal.TestInvoker$MethodInvocationAgent.invoke(TestInvoker.java:824)
at org.testng.internal.TestInvoker.invokeTestMethods(TestInvoker.java:146)
at org.testng.internal.TestMethodWorker.invokeTestMethods(TestMethodWorker.java:146)
at org.testng.internal.TestMethodWorker.run(TestMethodWorker.java:128)
at java.base/java.util.ArrayList.forEach(ArrayList.java:1511)
at org.testng.TestRunner.privateRun(TestRunner.java:794)
at org.testng.TestRunner.run(TestRunner.java:596)
at org.testng.SuiteRunner.runTest(SuiteRunner.java:377)
at org.testng.SuiteRunner.runSequentially(SuiteRunner.java:371)
at org.testng.SuiteRunner.privateRun(SuiteRunner.java:332)
at org.testng.SuiteRunner.run(SuiteRunner.java:276)
at org.testng.SuiteRunnerWorker.runSuite(SuiteRunnerWorker.java:53)
at org.testng.SuiteRunnerWorker.run(SuiteRunnerWorker.java:96)
at org.testng.TestNG.runSuitesSequentially(TestNG.java:1212)
at org.testng.TestNG.runSuitesLocally(TestNG.java:1134)
at org.testng.TestNG.runSuites(TestNG.java:1063)
at org.testng.TestNG.run(TestNG.java:1031)
at org.testng.remote.AbstractRemoteTestNG.run(AbstractRemoteTestNG.java:115)
at org.testng.remote.RemoteTestNG.initAndRun(RemoteTestNG.java:251)
at org.testng.remote.RemoteTestNG.main(RemoteTestNG.java:77)
]]>
            </full-stacktrace>
          </exception> <!-- org.openqa.selenium.NoSuchElementException -->
          <reporter-output>
          </reporter-output>
        </test-method> <!-- finishfunctionality -->
        <test-method is-config="true" signature="tearDown()[pri:0, instance:com.saucedemo.TESTPACK.TC007finishfunctionality@4f209819]" started-at="2023-03-07T16:40:58 IST" name="tearDown" finished-at="2023-03-07T16:40:59 IST" duration-ms="543" status="PASS">
          <reporter-output>
          </reporter-output>
        </test-method> <!-- tearDown -->
      </class> <!-- com.saucedemo.TESTPACK.TC007finishfunctionality -->
      <class name="com.saucedemo.TESTPACK.TC002Logout">
        <test-method is-config="true" signature="setUp(java.lang.String)[pri:0, instance:com.saucedemo.TESTPACK.TC002Logout@3d74bf60]" started-at="2023-03-07T16:40:23 IST" name="setUp" finished-at="2023-03-07T16:40:25 IST" duration-ms="2361" status="PASS">
          <params>
            <param index="0">
              <value>
                <![CDATA[chrome]]>
              </value>
            </param>
          </params>
          <reporter-output>
          </reporter-output>
        </test-method> <!-- setUp -->
        <test-method signature="logoutfunctionality()[pri:0, instance:com.saucedemo.TESTPACK.TC002Logout@3d74bf60]" started-at="2023-03-07T16:40:25 IST" name="logoutfunctionality" finished-at="2023-03-07T16:40:26 IST" duration-ms="246" status="PASS">
          <reporter-output>
          </reporter-output>
        </test-method> <!-- logoutfunctionality -->
        <test-method is-config="true" signature="tearDown()[pri:0, instance:com.saucedemo.TESTPACK.TC002Logout@3d74bf60]" started-at="2023-03-07T16:40:26 IST" name="tearDown" finished-at="2023-03-07T16:40:26 IST" duration-ms="449" status="PASS">
          <reporter-output>
          </reporter-output>
        </test-method> <!-- tearDown -->
      </class> <!-- com.saucedemo.TESTPACK.TC002Logout -->
      <class name="com.saucedemo.TESTPACK.TC001loginfunctionality">
        <test-method is-config="true" signature="setUp(java.lang.String)[pri:0, instance:com.saucedemo.TESTPACK.TC001loginfunctionality@15eb5ee5]" started-at="2023-03-07T16:40:59 IST" name="setUp" finished-at="2023-03-07T16:41:01 IST" duration-ms="2012" status="PASS">
          <params>
            <param index="0">
              <value>
                <![CDATA[chrome]]>
              </value>
            </param>
          </params>
          <reporter-output>
          </reporter-output>
        </test-method> <!-- setUp -->
        <test-method signature="loginfunctionality()[pri:0, instance:com.saucedemo.TESTPACK.TC001loginfunctionality@15eb5ee5]" started-at="2023-03-07T16:41:01 IST" name="loginfunctionality" finished-at="2023-03-07T16:41:01 IST" duration-ms="8" status="PASS">
          <reporter-output>
          </reporter-output>
        </test-method> <!-- loginfunctionality -->
        <test-method is-config="true" signature="tearDown()[pri:0, instance:com.saucedemo.TESTPACK.TC001loginfunctionality@15eb5ee5]" started-at="2023-03-07T16:41:01 IST" name="tearDown" finished-at="2023-03-07T16:41:01 IST" duration-ms="424" status="PASS">
          <reporter-output>
          </reporter-output>
        </test-method> <!-- tearDown -->
      </class> <!-- com.saucedemo.TESTPACK.TC001loginfunctionality -->
    </test> <!-- Test -->
  </suite> <!-- Suite -->
</testng-results>
